{"C:\\Users\\Meeting room 1\\Desktop\\Serverless\\Quickbook\\src\\functions\\Account\\create_account\\handler.ts": {"path":"C:\\Users\\Meeting room 1\\Desktop\\Serverless\\Quickbook\\src\\functions\\Account\\create_account\\handler.ts","statementMap":{"0":{"start":{"line":2,"column":0},"end":{"line":2,"column":54}},"1":{"start":{"line":3,"column":0},"end":{"line":3,"column":39}},"2":{"start":{"line":6,"column":0},"end":{"line":6,"column":26}},"3":{"start":{"line":8,"column":74},"end":{"line":47,"column":1}},"4":{"start":{"line":9,"column":2},"end":{"line":46,"column":null}},"5":{"start":{"line":11,"column":20},"end":{"line":11,"column":38}},"6":{"start":{"line":12,"column":18},"end":{"line":12,"column":40}},"7":{"start":{"line":13,"column":17},"end":{"line":13,"column":32}},"8":{"start":{"line":14,"column":24},"end":{"line":14,"column":46}},"9":{"start":{"line":16,"column":17},"end":{"line":19,"column":null}},"10":{"start":{"line":30,"column":21},"end":{"line":36,"column":null}},"11":{"start":{"line":39,"column":4},"end":{"line":41,"column":7}},"12":{"start":{"line":43,"column":4},"end":{"line":45,"column":7}},"13":{"start":{"line":49,"column":13},"end":{"line":49,"column":44}}},"fnMap":{"0":{"name":"(anonymous_1)","decl":{"start":{"line":8,"column":74},"end":{"line":8,"column":79}},"loc":{"start":{"line":8,"column":90},"end":{"line":47,"column":1}}}},"branchMap":{},"s":{"0":1,"1":1,"2":1,"3":1,"4":1,"5":1,"6":0,"7":0,"8":0,"9":0,"10":0,"11":0,"12":1,"13":1},"f":{"0":1},"b":{}}
,"C:\\Users\\Meeting room 1\\Desktop\\Serverless\\Quickbook\\src\\libs\\apiGateway.ts": {"path":"C:\\Users\\Meeting room 1\\Desktop\\Serverless\\Quickbook\\src\\libs\\apiGateway.ts","statementMap":{"0":{"start":{"line":7,"column":34},"end":{"line":12,"column":1}},"1":{"start":{"line":8,"column":2},"end":{"line":11,"column":null}},"2":{"start":{"line":7,"column":13},"end":{"line":7,"column":34}}},"fnMap":{"0":{"name":"(anonymous_0)","decl":{"start":{"line":7,"column":34},"end":{"line":7,"column":35}},"loc":{"start":{"line":7,"column":72},"end":{"line":12,"column":1}}}},"branchMap":{},"s":{"0":1,"1":1,"2":1},"f":{"0":1},"b":{}}
,"C:\\Users\\Meeting room 1\\Desktop\\Serverless\\Quickbook\\src\\libs\\lambda.ts": {"path":"C:\\Users\\Meeting room 1\\Desktop\\Serverless\\Quickbook\\src\\libs\\lambda.ts","statementMap":{"0":{"start":{"line":1,"column":0},"end":{"line":1,"column":31}},"1":{"start":{"line":2,"column":0},"end":{"line":2,"column":62}},"2":{"start":{"line":4,"column":23},"end":{"line":6,"column":1}},"3":{"start":{"line":5,"column":2},"end":{"line":5,"column":null}},"4":{"start":{"line":4,"column":13},"end":{"line":4,"column":23}}},"fnMap":{"0":{"name":"(anonymous_1)","decl":{"start":{"line":4,"column":23},"end":{"line":4,"column":24}},"loc":{"start":{"line":4,"column":35},"end":{"line":6,"column":1}}}},"branchMap":{},"s":{"0":1,"1":1,"2":1,"3":1,"4":1},"f":{"0":1},"b":{}}
}
